#
# A fatal error has been detected by the Java Runtime Environment:
#
#  Internal Error (classFileParser.cpp:3494), pid=3522, tid=3061169008
#  Error: ShouldNotReachHere()
#
# JRE version: 6.0_23-b23
# Java VM: OpenJDK Server VM (20.0-b11 mixed mode linux-x86 )
# Derivative: IcedTea6 1.11pre
# Distribution: Ubuntu 11.10, package 6b23~pre11-0ubuntu1.11.10
# If you would like to submit a bug report, please include
# instructions how to reproduce the bug and visit:
#   https://bugs.launchpad.net/ubuntu/+source/openjdk-6/
#

---------------  T H R E A D  ---------------

Current thread (0x09239000):  JavaThread "Unknown thread" [_thread_in_vm, id=3523, stack(0xb670b000,0xb675c000)]

Stack: [0xb670b000,0xb675c000]
[error occurred during error reporting (printing stack bounds), id 0xb]


[error occurred during error reporting (printing native stack), id 0xb]


---------------  P R O C E S S  ---------------

Java Threads: ( => current thread )

Other Threads:

=>0x09239000 (exited) JavaThread "Unknown thread" [_thread_in_vm, id=3523, stack(0xb670b000,0xb675c000)]

VM state:not at safepoint (not fully initialized)

VM Mutex/Monitor currently owned by a thread: None

Dynamic libraries:
08048000-08051000 r-xp 00000000 08:06 2232878    /usr/lib/jvm/java-6-openjdk/jre/bin/java
08051000-08052000 r--p 00008000 08:06 2232878    /usr/lib/jvm/java-6-openjdk/jre/bin/java
08052000-08053000 rw-p 00009000 08:06 2232878    /usr/lib/jvm/java-6-openjdk/jre/bin/java
09232000-09253000 rw-p 00000000 00:00 0          [heap]
6e09b000-6e100000 r--s 004cb000 08:06 5509614    /home/ameya/Documents/android-sdk-linux_x86/platforms/android-8/android.jar
6e100000-6e144000 rw-p 00000000 00:00 0 
6e144000-6e200000 ---p 00000000 00:00 0 
6e20f000-6e210000 ---p 00000000 00:00 0 
6e210000-6e290000 rw-p 00000000 00:00 0 
6e290000-6e291000 ---p 00000000 00:00 0 
6e291000-6e311000 rw-p 00000000 00:00 0 
6e311000-6e312000 ---p 00000000 00:00 0 
6e312000-6e392000 rw-p 00000000 00:00 0 
6e392000-6e393000 ---p 00000000 00:00 0 
6e393000-6e41b000 rw-p 00000000 00:00 0 
6e41b000-6e453000 rw-p 00000000 00:00 0 
6e453000-6e468000 rw-p 00000000 00:00 0 
6e468000-6e598000 rw-p 00000000 00:00 0 
6e598000-6e5a0000 rw-p 00000000 00:00 0 
6e5a0000-6e5d8000 rw-p 00000000 00:00 0 
6e5d8000-6e5ed000 rw-p 00000000 00:00 0 
6e5ed000-6e71c000 rw-p 00000000 00:00 0 
6e71c000-6e727000 rw-p 00000000 00:00 0 
6e727000-6e7bf000 rw-p 00000000 00:00 0 
6e7bf000-6f7c0000 rw-p 00000000 00:00 0 
6f7c0000-767c0000 rw-p 00000000 00:00 0 
767c0000-79050000 rw-p 00000000 00:00 0 
79050000-9f120000 rw-p 00000000 00:00 0 
9f120000-a0560000 rw-p 00000000 00:00 0 
a0560000-b35c0000 rw-p 00000000 00:00 0 
b35cd000-b35d6000 rw-p 00000000 00:00 0 
b35d6000-b368d000 rw-p 00000000 00:00 0 
b368d000-b38cd000 rwxp 00000000 00:00 0 
b38cd000-b668d000 rw-p 00000000 00:00 0 
b668d000-b6698000 r-xp 00000000 08:06 3547413    /lib/i386-linux-gnu/libnss_files-2.13.so
b6698000-b6699000 r--p 0000a000 08:06 3547413    /lib/i386-linux-gnu/libnss_files-2.13.so
b6699000-b669a000 rw-p 0000b000 08:06 3547413    /lib/i386-linux-gnu/libnss_files-2.13.so
b669a000-b66af000 r-xp 00000000 08:06 3547410    /lib/i386-linux-gnu/libnsl-2.13.so
b66af000-b66b0000 r--p 00015000 08:06 3547410    /lib/i386-linux-gnu/libnsl-2.13.so
b66b0000-b66b1000 rw-p 00016000 08:06 3547410    /lib/i386-linux-gnu/libnsl-2.13.so
b66b1000-b66b3000 rw-p 00000000 00:00 0 
b66b3000-b66bb000 r-xp 00000000 08:06 3547411    /lib/i386-linux-gnu/libnss_compat-2.13.so
b66bb000-b66bc000 r--p 00007000 08:06 3547411    /lib/i386-linux-gnu/libnss_compat-2.13.so
b66bc000-b66bd000 rw-p 00008000 08:06 3547411    /lib/i386-linux-gnu/libnss_compat-2.13.so
b66c8000-b66cf000 r-xp 00000000 08:06 2237860    /usr/lib/jvm/java-6-openjdk/jre/lib/i386/libzip.so
b66cf000-b66d0000 r--p 00006000 08:06 2237860    /usr/lib/jvm/java-6-openjdk/jre/lib/i386/libzip.so
b66d0000-b66d1000 rw-p 00007000 08:06 2237860    /usr/lib/jvm/java-6-openjdk/jre/lib/i386/libzip.so
b66d1000-b66d9000 rw-s 00000000 08:06 1572921    /tmp/hsperfdata_ameya/3522
b66d9000-b66ff000 r-xp 00000000 08:06 2237855    /usr/lib/jvm/java-6-openjdk/jre/lib/i386/libjava.so
b66ff000-b6700000 r--p 00025000 08:06 2237855    /usr/lib/jvm/java-6-openjdk/jre/lib/i386/libjava.so
b6700000-b6702000 rw-p 00026000 08:06 2237855    /usr/lib/jvm/java-6-openjdk/jre/lib/i386/libjava.so
b6702000-b6709000 r-xp 00000000 08:06 3547420    /lib/i386-linux-gnu/librt-2.13.so
b6709000-b670a000 r--p 00006000 08:06 3547420    /lib/i386-linux-gnu/librt-2.13.so
b670a000-b670b000 rw-p 00007000 08:06 3547420    /lib/i386-linux-gnu/librt-2.13.so
b670b000-b670e000 ---p 00000000 00:00 0 
b670e000-b675c000 rw-p 00000000 00:00 0 
b675c000-b6778000 r-xp 00000000 08:06 3539914    /lib/i386-linux-gnu/libgcc_s.so.1
b6778000-b6779000 r--p 0001b000 08:06 3539914    /lib/i386-linux-gnu/libgcc_s.so.1
b6779000-b677a000 rw-p 0001c000 08:06 3539914    /lib/i386-linux-gnu/libgcc_s.so.1
b677a000-b67a2000 r-xp 00000000 08:06 3547408    /lib/i386-linux-gnu/libm-2.13.so
b67a2000-b67a3000 r--p 00028000 08:06 3547408    /lib/i386-linux-gnu/libm-2.13.so
b67a3000-b67a4000 rw-p 00029000 08:06 3547408    /lib/i386-linux-gnu/libm-2.13.so
b67a4000-b6882000 r-xp 00000000 08:06 2228577    /usr/lib/i386-linux-gnu/libstdc++.so.6.0.16
b6882000-b6883000 ---p 000de000 08:06 2228577    /usr/lib/i386-linux-gnu/libstdc++.so.6.0.16
b6883000-b6887000 r--p 000de000 08:06 2228577    /usr/lib/i386-linux-gnu/libstdc++.so.6.0.16
b6887000-b6888000 rw-p 000e2000 08:06 2228577    /usr/lib/i386-linux-gnu/libstdc++.so.6.0.16
b6888000-b688f000 rw-p 00000000 00:00 0 
b688f000-b70ad000 r-xp 00000000 08:06 2237870    /usr/lib/jvm/java-6-openjdk/jre/lib/i386/server/libjvm.so
b70ad000-b70f2000 r--p 0081e000 08:06 2237870    /usr/lib/jvm/java-6-openjdk/jre/lib/i386/server/libjvm.so
b70f2000-b7101000 rw-p 00863000 08:06 2237870    /usr/lib/jvm/java-6-openjdk/jre/lib/i386/server/libjvm.so
b7101000-b751d000 rw-p 00000000 00:00 0 
b751d000-b7530000 r-xp 00000000 08:06 3539957    /lib/i386-linux-gnu/libz.so.1.2.3.4
b7530000-b7531000 r--p 00012000 08:06 3539957    /lib/i386-linux-gnu/libz.so.1.2.3.4
b7531000-b7532000 rw-p 00013000 08:06 3539957    /lib/i386-linux-gnu/libz.so.1.2.3.4
b7532000-b76a8000 r-xp 00000000 08:06 3547404    /lib/i386-linux-gnu/libc-2.13.so
b76a8000-b76aa000 r--p 00176000 08:06 3547404    /lib/i386-linux-gnu/libc-2.13.so
b76aa000-b76ab000 rw-p 00178000 08:06 3547404    /lib/i386-linux-gnu/libc-2.13.so
b76ab000-b76ae000 rw-p 00000000 00:00 0 
b76ae000-b76b1000 r-xp 00000000 08:06 3547407    /lib/i386-linux-gnu/libdl-2.13.so
b76b1000-b76b2000 r--p 00002000 08:06 3547407    /lib/i386-linux-gnu/libdl-2.13.so
b76b2000-b76b3000 rw-p 00003000 08:06 3547407    /lib/i386-linux-gnu/libdl-2.13.so
b76b3000-b76b7000 r-xp 00000000 08:06 2237863    /usr/lib/jvm/java-6-openjdk/jre/lib/i386/jli/libjli.so
b76b7000-b76b8000 r--p 00003000 08:06 2237863    /usr/lib/jvm/java-6-openjdk/jre/lib/i386/jli/libjli.so
b76b8000-b76b9000 rw-p 00004000 08:06 2237863    /usr/lib/jvm/java-6-openjdk/jre/lib/i386/jli/libjli.so
b76b9000-b76ba000 rw-p 00000000 00:00 0 
b76ba000-b76d1000 r-xp 00000000 08:06 3547418    /lib/i386-linux-gnu/libpthread-2.13.so
b76d1000-b76d2000 r--p 00016000 08:06 3547418    /lib/i386-linux-gnu/libpthread-2.13.so
b76d2000-b76d3000 rw-p 00017000 08:06 3547418    /lib/i386-linux-gnu/libpthread-2.13.so
b76d3000-b76d5000 rw-p 00000000 00:00 0 
b76d5000-b76df000 r-xp 00000000 08:06 3547415    /lib/i386-linux-gnu/libnss_nis-2.13.so
b76df000-b76e0000 r--p 00009000 08:06 3547415    /lib/i386-linux-gnu/libnss_nis-2.13.so
b76e0000-b76e1000 rw-p 0000a000 08:06 3547415    /lib/i386-linux-gnu/libnss_nis-2.13.so
b76e1000-b76e2000 rw-p 00000000 00:00 0 
b76e2000-b76e3000 r--p 00000000 00:00 0 
b76e3000-b76ee000 r-xp 00000000 08:06 2237878    /usr/lib/jvm/java-6-openjdk/jre/lib/i386/libverify.so
b76ee000-b76ef000 ---p 0000b000 08:06 2237878    /usr/lib/jvm/java-6-openjdk/jre/lib/i386/libverify.so
b76ef000-b76f0000 r--p 0000b000 08:06 2237878    /usr/lib/jvm/java-6-openjdk/jre/lib/i386/libverify.so
b76f0000-b76f1000 rw-p 0000c000 08:06 2237878    /usr/lib/jvm/java-6-openjdk/jre/lib/i386/libverify.so
b76f1000-b76f3000 rw-p 00000000 00:00 0 
b76f3000-b76f4000 r-xp 00000000 00:00 0          [vdso]
b76f4000-b7712000 r-xp 00000000 08:06 3538948    /lib/i386-linux-gnu/ld-2.13.so
b7712000-b7713000 r--p 0001d000 08:06 3538948    /lib/i386-linux-gnu/ld-2.13.so
b7713000-b7714000 rw-p 0001e000 08:06 3538948    /lib/i386-linux-gnu/ld-2.13.so
bf99a000-bf9bb000 rw-p 00000000 00:00 0          [stack]

VM Arguments:
jvm_args: -Dfile.encoding=UTF-8 -Xbootclasspath:/home/ameya/Documents/android-sdk-linux_x86/platforms/android-8/android.jar 
java_command: com.kml.KMLParser
Launcher Type: SUN_STANDARD

Environment Variables:
PATH=/usr/lib/lightdm/lightdm:/usr/local/sbin:/usr/local/bin:/usr/sbin:/usr/bin:/sbin:/bin:/usr/games
USERNAME=ameya
LD_LIBRARY_PATH=/usr/lib/jvm/java-6-openjdk/jre/lib/i386/server:/usr/lib/jvm/java-6-openjdk/jre/lib/i386:/usr/lib/jvm/java-6-openjdk/jre/../lib/i386:/usr/lib/jvm/java-6-openjdk/jre/lib/i386/client:/usr/lib/jvm/java-6-openjdk/jre/lib/i386:
SHELL=/bin/bash
DISPLAY=:0.0

Signal Handlers:
SIGSEGV: [libjvm.so+0x66a530], sa_mask[0]=0x7ffbfeff, sa_flags=0x10000004
SIGBUS: [libjvm.so+0x66a530], sa_mask[0]=0x7ffbfeff, sa_flags=0x10000004
SIGFPE: [libjvm.so+0x52e2c0], sa_mask[0]=0x7ffbfeff, sa_flags=0x10000004
SIGPIPE: [libjvm.so+0x52e2c0], sa_mask[0]=0x7ffbfeff, sa_flags=0x10000004
SIGXFSZ: [libjvm.so+0x52e2c0], sa_mask[0]=0x7ffbfeff, sa_flags=0x10000004
SIGILL: [libjvm.so+0x52e2c0], sa_mask[0]=0x7ffbfeff, sa_flags=0x10000004
SIGUSR1: SIG_DFL, sa_mask[0]=0x00000000, sa_flags=0x00000000
SIGUSR2: [libjvm.so+0x52e150], sa_mask[0]=0x00000004, sa_flags=0x10000004
SIGHUP: SIG_DFL, sa_mask[0]=0x00000000, sa_flags=0x00000000
SIGINT: SIG_DFL, sa_mask[0]=0x00000000, sa_flags=0x00000000
SIGTERM: SIG_DFL, sa_mask[0]=0x00000000, sa_flags=0x00000000
SIGQUIT: SIG_DFL, sa_mask[0]=0x00000000, sa_flags=0x00000000


---------------  S Y S T E M  ---------------

OS:Ubuntu 11.10 (oneiric)
uname:Linux 3.0.0-14-generic-pae #23-Ubuntu SMP Mon Nov 21 22:07:10 UTC 2011 i686
libc:glibc 2.13 NPTL 2.13 
rlimit: STACK 8192k, CORE 0k, NPROC 31011, NOFILE 4096, AS infinity
load average:0.02 0.04 0.10

/proc/meminfo:
MemTotal:        3983524 kB
MemFree:         1762824 kB
Buffers:          456540 kB
Cached:           818972 kB
SwapCached:            0 kB
Active:          1189304 kB
Inactive:         926084 kB
Active(anon):     840960 kB
Inactive(anon):     2092 kB
Active(file):     348344 kB
Inactive(file):   923992 kB
Unevictable:          20 kB
Mlocked:              20 kB
HighTotal:       3140700 kB
HighFree:        1458888 kB
LowTotal:         842824 kB
LowFree:          303936 kB
SwapTotal:       4052988 kB
SwapFree:        4052988 kB
Dirty:                84 kB
Writeback:             4 kB
AnonPages:        840232 kB
Mapped:           149936 kB
Shmem:              3180 kB
Slab:              50584 kB
SReclaimable:      35524 kB
SUnreclaim:        15060 kB
KernelStack:        3336 kB
PageTables:         9912 kB
NFS_Unstable:          0 kB
Bounce:                0 kB
WritebackTmp:          0 kB
CommitLimit:     6044748 kB
Committed_AS:    3545888 kB
VmallocTotal:     122880 kB
VmallocUsed:       30496 kB
VmallocChunk:      88440 kB
HardwareCorrupted:     0 kB
AnonHugePages:         0 kB
HugePages_Total:       0
HugePages_Free:        0
HugePages_Rsvd:        0
HugePages_Surp:        0
Hugepagesize:       2048 kB
DirectMap4k:       10232 kB
DirectMap2M:      903168 kB


CPU:total 4 (2 cores per cpu, 2 threads per core) family 6 model 37 stepping 5, cmov, cx8, fxsr, mmx, sse, sse2, sse3, ssse3, sse4.1, sse4.2, popcnt, ht

Memory: 4k page, physical 3983524k(1762824k free), swap 4052988k(4052988k free)

vm_info: OpenJDK Server VM (20.0-b11) for linux-x86 JRE (1.6.0_23-b23), built on Oct 22 2011 01:02:34 by "buildd" with gcc 4.6.1

time: Wed Dec 21 23:50:39 2011
elapsed time: 0 seconds

