#
# A fatal error has been detected by the Java Runtime Environment:
#
#  Internal Error (classFileParser.cpp:3494), pid=3285, tid=3061857136
#  Error: ShouldNotReachHere()
#
# JRE version: 6.0_23-b23
# Java VM: OpenJDK Server VM (20.0-b11 mixed mode linux-x86 )
# Derivative: IcedTea6 1.11pre
# Distribution: Ubuntu 11.10, package 6b23~pre11-0ubuntu1.11.10
# If you would like to submit a bug report, please include
# instructions how to reproduce the bug and visit:
#   https://bugs.launchpad.net/ubuntu/+source/openjdk-6/
#

---------------  T H R E A D  ---------------

Current thread (0x09548000):  JavaThread "Unknown thread" [_thread_in_vm, id=3286, stack(0xb67b3000,0xb6804000)]

Stack: [0xb67b3000,0xb6804000]
[error occurred during error reporting (printing stack bounds), id 0xb]


[error occurred during error reporting (printing native stack), id 0xb]


---------------  P R O C E S S  ---------------

Java Threads: ( => current thread )

Other Threads:

=>0x09548000 (exited) JavaThread "Unknown thread" [_thread_in_vm, id=3286, stack(0xb67b3000,0xb6804000)]

VM state:not at safepoint (not fully initialized)

VM Mutex/Monitor currently owned by a thread: None

Dynamic libraries:
08048000-08051000 r-xp 00000000 08:06 2232878    /usr/lib/jvm/java-6-openjdk/jre/bin/java
08051000-08052000 r--p 00008000 08:06 2232878    /usr/lib/jvm/java-6-openjdk/jre/bin/java
08052000-08053000 rw-p 00009000 08:06 2232878    /usr/lib/jvm/java-6-openjdk/jre/bin/java
09541000-095ab000 rw-p 00000000 00:00 0          [heap]
6e25a000-6e2bf000 r--s 004cb000 08:06 5509614    /home/ameya/Documents/android-sdk-linux_x86/platforms/android-8/android.jar
6e2bf000-6e2c0000 ---p 00000000 00:00 0 
6e2c0000-6e340000 rw-p 00000000 00:00 0 
6e340000-6e341000 ---p 00000000 00:00 0 
6e341000-6e3c1000 rw-p 00000000 00:00 0 
6e3c1000-6e3c2000 ---p 00000000 00:00 0 
6e3c2000-6e442000 rw-p 00000000 00:00 0 
6e442000-6e443000 ---p 00000000 00:00 0 
6e443000-6e4cb000 rw-p 00000000 00:00 0 
6e4cb000-6e503000 rw-p 00000000 00:00 0 
6e503000-6e518000 rw-p 00000000 00:00 0 
6e518000-6e648000 rw-p 00000000 00:00 0 
6e648000-6e650000 rw-p 00000000 00:00 0 
6e650000-6e688000 rw-p 00000000 00:00 0 
6e688000-6e69d000 rw-p 00000000 00:00 0 
6e69d000-6e7cc000 rw-p 00000000 00:00 0 
6e7cc000-6e7d7000 rw-p 00000000 00:00 0 
6e7d7000-6e86f000 rw-p 00000000 00:00 0 
6e86f000-6f870000 rw-p 00000000 00:00 0 
6f870000-76870000 rw-p 00000000 00:00 0 
76870000-79100000 rw-p 00000000 00:00 0 
79100000-9f1d0000 rw-p 00000000 00:00 0 
9f1d0000-a0610000 rw-p 00000000 00:00 0 
a0610000-b3670000 rw-p 00000000 00:00 0 
b3675000-b367e000 rw-p 00000000 00:00 0 
b367e000-b3735000 rw-p 00000000 00:00 0 
b3735000-b3975000 rwxp 00000000 00:00 0 
b3975000-b6735000 rw-p 00000000 00:00 0 
b6735000-b6740000 r-xp 00000000 08:06 3547413    /lib/i386-linux-gnu/libnss_files-2.13.so
b6740000-b6741000 r--p 0000a000 08:06 3547413    /lib/i386-linux-gnu/libnss_files-2.13.so
b6741000-b6742000 rw-p 0000b000 08:06 3547413    /lib/i386-linux-gnu/libnss_files-2.13.so
b6742000-b6757000 r-xp 00000000 08:06 3547410    /lib/i386-linux-gnu/libnsl-2.13.so
b6757000-b6758000 r--p 00015000 08:06 3547410    /lib/i386-linux-gnu/libnsl-2.13.so
b6758000-b6759000 rw-p 00016000 08:06 3547410    /lib/i386-linux-gnu/libnsl-2.13.so
b6759000-b675b000 rw-p 00000000 00:00 0 
b675b000-b6763000 r-xp 00000000 08:06 3547411    /lib/i386-linux-gnu/libnss_compat-2.13.so
b6763000-b6764000 r--p 00007000 08:06 3547411    /lib/i386-linux-gnu/libnss_compat-2.13.so
b6764000-b6765000 rw-p 00008000 08:06 3547411    /lib/i386-linux-gnu/libnss_compat-2.13.so
b6770000-b6777000 r-xp 00000000 08:06 2237860    /usr/lib/jvm/java-6-openjdk/jre/lib/i386/libzip.so
b6777000-b6778000 r--p 00006000 08:06 2237860    /usr/lib/jvm/java-6-openjdk/jre/lib/i386/libzip.so
b6778000-b6779000 rw-p 00007000 08:06 2237860    /usr/lib/jvm/java-6-openjdk/jre/lib/i386/libzip.so
b6779000-b6781000 rw-s 00000000 08:06 1572915    /tmp/hsperfdata_ameya/3285
b6781000-b67a7000 r-xp 00000000 08:06 2237855    /usr/lib/jvm/java-6-openjdk/jre/lib/i386/libjava.so
b67a7000-b67a8000 r--p 00025000 08:06 2237855    /usr/lib/jvm/java-6-openjdk/jre/lib/i386/libjava.so
b67a8000-b67aa000 rw-p 00026000 08:06 2237855    /usr/lib/jvm/java-6-openjdk/jre/lib/i386/libjava.so
b67aa000-b67b1000 r-xp 00000000 08:06 3547420    /lib/i386-linux-gnu/librt-2.13.so
b67b1000-b67b2000 r--p 00006000 08:06 3547420    /lib/i386-linux-gnu/librt-2.13.so
b67b2000-b67b3000 rw-p 00007000 08:06 3547420    /lib/i386-linux-gnu/librt-2.13.so
b67b3000-b67b6000 ---p 00000000 00:00 0 
b67b6000-b6804000 rw-p 00000000 00:00 0 
b6804000-b6820000 r-xp 00000000 08:06 3539914    /lib/i386-linux-gnu/libgcc_s.so.1
b6820000-b6821000 r--p 0001b000 08:06 3539914    /lib/i386-linux-gnu/libgcc_s.so.1
b6821000-b6822000 rw-p 0001c000 08:06 3539914    /lib/i386-linux-gnu/libgcc_s.so.1
b6822000-b684a000 r-xp 00000000 08:06 3547408    /lib/i386-linux-gnu/libm-2.13.so
b684a000-b684b000 r--p 00028000 08:06 3547408    /lib/i386-linux-gnu/libm-2.13.so
b684b000-b684c000 rw-p 00029000 08:06 3547408    /lib/i386-linux-gnu/libm-2.13.so
b684c000-b692a000 r-xp 00000000 08:06 2228577    /usr/lib/i386-linux-gnu/libstdc++.so.6.0.16
b692a000-b692b000 ---p 000de000 08:06 2228577    /usr/lib/i386-linux-gnu/libstdc++.so.6.0.16
b692b000-b692f000 r--p 000de000 08:06 2228577    /usr/lib/i386-linux-gnu/libstdc++.so.6.0.16
b692f000-b6930000 rw-p 000e2000 08:06 2228577    /usr/lib/i386-linux-gnu/libstdc++.so.6.0.16
b6930000-b6937000 rw-p 00000000 00:00 0 
b6937000-b7155000 r-xp 00000000 08:06 2237870    /usr/lib/jvm/java-6-openjdk/jre/lib/i386/server/libjvm.so
b7155000-b719a000 r--p 0081e000 08:06 2237870    /usr/lib/jvm/java-6-openjdk/jre/lib/i386/server/libjvm.so
b719a000-b71a9000 rw-p 00863000 08:06 2237870    /usr/lib/jvm/java-6-openjdk/jre/lib/i386/server/libjvm.so
b71a9000-b75c5000 rw-p 00000000 00:00 0 
b75c5000-b75d8000 r-xp 00000000 08:06 3539957    /lib/i386-linux-gnu/libz.so.1.2.3.4
b75d8000-b75d9000 r--p 00012000 08:06 3539957    /lib/i386-linux-gnu/libz.so.1.2.3.4
b75d9000-b75da000 rw-p 00013000 08:06 3539957    /lib/i386-linux-gnu/libz.so.1.2.3.4
b75da000-b7750000 r-xp 00000000 08:06 3547404    /lib/i386-linux-gnu/libc-2.13.so
b7750000-b7752000 r--p 00176000 08:06 3547404    /lib/i386-linux-gnu/libc-2.13.so
b7752000-b7753000 rw-p 00178000 08:06 3547404    /lib/i386-linux-gnu/libc-2.13.so
b7753000-b7756000 rw-p 00000000 00:00 0 
b7756000-b7759000 r-xp 00000000 08:06 3547407    /lib/i386-linux-gnu/libdl-2.13.so
b7759000-b775a000 r--p 00002000 08:06 3547407    /lib/i386-linux-gnu/libdl-2.13.so
b775a000-b775b000 rw-p 00003000 08:06 3547407    /lib/i386-linux-gnu/libdl-2.13.so
b775b000-b775f000 r-xp 00000000 08:06 2237863    /usr/lib/jvm/java-6-openjdk/jre/lib/i386/jli/libjli.so
b775f000-b7760000 r--p 00003000 08:06 2237863    /usr/lib/jvm/java-6-openjdk/jre/lib/i386/jli/libjli.so
b7760000-b7761000 rw-p 00004000 08:06 2237863    /usr/lib/jvm/java-6-openjdk/jre/lib/i386/jli/libjli.so
b7761000-b7762000 rw-p 00000000 00:00 0 
b7762000-b7779000 r-xp 00000000 08:06 3547418    /lib/i386-linux-gnu/libpthread-2.13.so
b7779000-b777a000 r--p 00016000 08:06 3547418    /lib/i386-linux-gnu/libpthread-2.13.so
b777a000-b777b000 rw-p 00017000 08:06 3547418    /lib/i386-linux-gnu/libpthread-2.13.so
b777b000-b777d000 rw-p 00000000 00:00 0 
b777d000-b7787000 r-xp 00000000 08:06 3547415    /lib/i386-linux-gnu/libnss_nis-2.13.so
b7787000-b7788000 r--p 00009000 08:06 3547415    /lib/i386-linux-gnu/libnss_nis-2.13.so
b7788000-b7789000 rw-p 0000a000 08:06 3547415    /lib/i386-linux-gnu/libnss_nis-2.13.so
b7789000-b778a000 rw-p 00000000 00:00 0 
b778a000-b778b000 r--p 00000000 00:00 0 
b778b000-b7796000 r-xp 00000000 08:06 2237878    /usr/lib/jvm/java-6-openjdk/jre/lib/i386/libverify.so
b7796000-b7797000 ---p 0000b000 08:06 2237878    /usr/lib/jvm/java-6-openjdk/jre/lib/i386/libverify.so
b7797000-b7798000 r--p 0000b000 08:06 2237878    /usr/lib/jvm/java-6-openjdk/jre/lib/i386/libverify.so
b7798000-b7799000 rw-p 0000c000 08:06 2237878    /usr/lib/jvm/java-6-openjdk/jre/lib/i386/libverify.so
b7799000-b779b000 rw-p 00000000 00:00 0 
b779b000-b779c000 r-xp 00000000 00:00 0          [vdso]
b779c000-b77ba000 r-xp 00000000 08:06 3538948    /lib/i386-linux-gnu/ld-2.13.so
b77ba000-b77bb000 r--p 0001d000 08:06 3538948    /lib/i386-linux-gnu/ld-2.13.so
b77bb000-b77bc000 rw-p 0001e000 08:06 3538948    /lib/i386-linux-gnu/ld-2.13.so
bf826000-bf847000 rw-p 00000000 00:00 0          [stack]

VM Arguments:
jvm_args: -Dfile.encoding=UTF-8 -Xbootclasspath:/home/ameya/Documents/android-sdk-linux_x86/platforms/android-8/android.jar 
java_command: com.kml.KMLParser
Launcher Type: SUN_STANDARD

Environment Variables:
PATH=/usr/lib/lightdm/lightdm:/usr/local/sbin:/usr/local/bin:/usr/sbin:/usr/bin:/sbin:/bin:/usr/games
USERNAME=ameya
LD_LIBRARY_PATH=/usr/lib/jvm/java-6-openjdk/jre/lib/i386/server:/usr/lib/jvm/java-6-openjdk/jre/lib/i386:/usr/lib/jvm/java-6-openjdk/jre/../lib/i386:/usr/lib/jvm/java-6-openjdk/jre/lib/i386/client:/usr/lib/jvm/java-6-openjdk/jre/lib/i386:
SHELL=/bin/bash
DISPLAY=:0.0

Signal Handlers:
SIGSEGV: [libjvm.so+0x66a530], sa_mask[0]=0x7ffbfeff, sa_flags=0x10000004
SIGBUS: [libjvm.so+0x66a530], sa_mask[0]=0x7ffbfeff, sa_flags=0x10000004
SIGFPE: [libjvm.so+0x52e2c0], sa_mask[0]=0x7ffbfeff, sa_flags=0x10000004
SIGPIPE: [libjvm.so+0x52e2c0], sa_mask[0]=0x7ffbfeff, sa_flags=0x10000004
SIGXFSZ: [libjvm.so+0x52e2c0], sa_mask[0]=0x7ffbfeff, sa_flags=0x10000004
SIGILL: [libjvm.so+0x52e2c0], sa_mask[0]=0x7ffbfeff, sa_flags=0x10000004
SIGUSR1: SIG_DFL, sa_mask[0]=0x00000000, sa_flags=0x00000000
SIGUSR2: [libjvm.so+0x52e150], sa_mask[0]=0x00000004, sa_flags=0x10000004
SIGHUP: SIG_DFL, sa_mask[0]=0x00000000, sa_flags=0x00000000
SIGINT: SIG_DFL, sa_mask[0]=0x00000000, sa_flags=0x00000000
SIGTERM: SIG_DFL, sa_mask[0]=0x00000000, sa_flags=0x00000000
SIGQUIT: SIG_DFL, sa_mask[0]=0x00000000, sa_flags=0x00000000


---------------  S Y S T E M  ---------------

OS:Ubuntu 11.10 (oneiric)
uname:Linux 3.0.0-14-generic-pae #23-Ubuntu SMP Mon Nov 21 22:07:10 UTC 2011 i686
libc:glibc 2.13 NPTL 2.13 
rlimit: STACK 8192k, CORE 0k, NPROC 31011, NOFILE 4096, AS infinity
load average:0.00 0.04 0.08

/proc/meminfo:
MemTotal:        3983524 kB
MemFree:         2473672 kB
Buffers:           98888 kB
Cached:           706472 kB
SwapCached:            0 kB
Active:           837276 kB
Inactive:         578220 kB
Active(anon):     610912 kB
Inactive(anon):     1176 kB
Active(file):     226364 kB
Inactive(file):   577044 kB
Unevictable:          20 kB
Mlocked:              20 kB
HighTotal:       3140700 kB
HighFree:        1803980 kB
LowTotal:         842824 kB
LowFree:          669692 kB
SwapTotal:       4052988 kB
SwapFree:        4052988 kB
Dirty:               164 kB
Writeback:             0 kB
AnonPages:        610356 kB
Mapped:           109588 kB
Shmem:              1960 kB
Slab:              42892 kB
SReclaimable:      28720 kB
SUnreclaim:        14172 kB
KernelStack:        2968 kB
PageTables:         6940 kB
NFS_Unstable:          0 kB
Bounce:                0 kB
WritebackTmp:          0 kB
CommitLimit:     6044748 kB
Committed_AS:    2561960 kB
VmallocTotal:     122880 kB
VmallocUsed:       30496 kB
VmallocChunk:      88440 kB
HardwareCorrupted:     0 kB
AnonHugePages:         0 kB
HugePages_Total:       0
HugePages_Free:        0
HugePages_Rsvd:        0
HugePages_Surp:        0
Hugepagesize:       2048 kB
DirectMap4k:       10232 kB
DirectMap2M:      903168 kB


CPU:total 4 (2 cores per cpu, 2 threads per core) family 6 model 37 stepping 5, cmov, cx8, fxsr, mmx, sse, sse2, sse3, ssse3, sse4.1, sse4.2, popcnt, ht

Memory: 4k page, physical 3983524k(2473672k free), swap 4052988k(4052988k free)

vm_info: OpenJDK Server VM (20.0-b11) for linux-x86 JRE (1.6.0_23-b23), built on Oct 22 2011 01:02:34 by "buildd" with gcc 4.6.1

time: Wed Dec 21 21:58:42 2011
elapsed time: 0 seconds

