#
# A fatal error has been detected by the Java Runtime Environment:
#
#  Internal Error (classFileParser.cpp:3494), pid=3360, tid=3062758256
#  Error: ShouldNotReachHere()
#
# JRE version: 6.0_23-b23
# Java VM: OpenJDK Server VM (20.0-b11 mixed mode linux-x86 )
# Derivative: IcedTea6 1.11pre
# Distribution: Ubuntu 11.10, package 6b23~pre11-0ubuntu1.11.10
# If you would like to submit a bug report, please include
# instructions how to reproduce the bug and visit:
#   https://bugs.launchpad.net/ubuntu/+source/openjdk-6/
#

---------------  T H R E A D  ---------------

Current thread (0x09c90400):  JavaThread "Unknown thread" [_thread_in_vm, id=3365, stack(0xb688f000,0xb68e0000)]

Stack: [0xb688f000,0xb68e0000]
[error occurred during error reporting (printing stack bounds), id 0xb]


[error occurred during error reporting (printing native stack), id 0xb]


---------------  P R O C E S S  ---------------

Java Threads: ( => current thread )

Other Threads:

=>0x09c90400 (exited) JavaThread "Unknown thread" [_thread_in_vm, id=3365, stack(0xb688f000,0xb68e0000)]

VM state:not at safepoint (not fully initialized)

VM Mutex/Monitor currently owned by a thread: None

Dynamic libraries:
08048000-08051000 r-xp 00000000 08:06 2232878    /usr/lib/jvm/java-6-openjdk/jre/bin/java
08051000-08052000 r--p 00008000 08:06 2232878    /usr/lib/jvm/java-6-openjdk/jre/bin/java
08052000-08053000 rw-p 00009000 08:06 2232878    /usr/lib/jvm/java-6-openjdk/jre/bin/java
09c89000-09caa000 rw-p 00000000 00:00 0          [heap]
6e200000-6e244000 rw-p 00000000 00:00 0 
6e244000-6e300000 ---p 00000000 00:00 0 
6e33a000-6e39f000 r--s 004cb000 08:06 5509614    /home/ameya/Documents/android-sdk-linux_x86/platforms/android-8/android.jar
6e39f000-6e3a0000 ---p 00000000 00:00 0 
6e3a0000-6e420000 rw-p 00000000 00:00 0 
6e420000-6e421000 ---p 00000000 00:00 0 
6e421000-6e4a1000 rw-p 00000000 00:00 0 
6e4a1000-6e4a2000 ---p 00000000 00:00 0 
6e4a2000-6e522000 rw-p 00000000 00:00 0 
6e522000-6e523000 ---p 00000000 00:00 0 
6e523000-6e5ab000 rw-p 00000000 00:00 0 
6e5ab000-6e5e3000 rw-p 00000000 00:00 0 
6e5e3000-6e5f8000 rw-p 00000000 00:00 0 
6e5f8000-6e728000 rw-p 00000000 00:00 0 
6e728000-6e730000 rw-p 00000000 00:00 0 
6e730000-6e768000 rw-p 00000000 00:00 0 
6e768000-6e77d000 rw-p 00000000 00:00 0 
6e77d000-6e8ac000 rw-p 00000000 00:00 0 
6e8ac000-6e8b7000 rw-p 00000000 00:00 0 
6e8b7000-6e94f000 rw-p 00000000 00:00 0 
6e94f000-6f950000 rw-p 00000000 00:00 0 
6f950000-76950000 rw-p 00000000 00:00 0 
76950000-791e0000 rw-p 00000000 00:00 0 
791e0000-9f2b0000 rw-p 00000000 00:00 0 
9f2b0000-a06f0000 rw-p 00000000 00:00 0 
a06f0000-b3750000 rw-p 00000000 00:00 0 
b3751000-b375a000 rw-p 00000000 00:00 0 
b375a000-b3811000 rw-p 00000000 00:00 0 
b3811000-b3a51000 rwxp 00000000 00:00 0 
b3a51000-b6811000 rw-p 00000000 00:00 0 
b6811000-b681c000 r-xp 00000000 08:06 3547413    /lib/i386-linux-gnu/libnss_files-2.13.so
b681c000-b681d000 r--p 0000a000 08:06 3547413    /lib/i386-linux-gnu/libnss_files-2.13.so
b681d000-b681e000 rw-p 0000b000 08:06 3547413    /lib/i386-linux-gnu/libnss_files-2.13.so
b681e000-b6833000 r-xp 00000000 08:06 3547410    /lib/i386-linux-gnu/libnsl-2.13.so
b6833000-b6834000 r--p 00015000 08:06 3547410    /lib/i386-linux-gnu/libnsl-2.13.so
b6834000-b6835000 rw-p 00016000 08:06 3547410    /lib/i386-linux-gnu/libnsl-2.13.so
b6835000-b6837000 rw-p 00000000 00:00 0 
b6837000-b683f000 r-xp 00000000 08:06 3547411    /lib/i386-linux-gnu/libnss_compat-2.13.so
b683f000-b6840000 r--p 00007000 08:06 3547411    /lib/i386-linux-gnu/libnss_compat-2.13.so
b6840000-b6841000 rw-p 00008000 08:06 3547411    /lib/i386-linux-gnu/libnss_compat-2.13.so
b684c000-b6853000 r-xp 00000000 08:06 2237860    /usr/lib/jvm/java-6-openjdk/jre/lib/i386/libzip.so
b6853000-b6854000 r--p 00006000 08:06 2237860    /usr/lib/jvm/java-6-openjdk/jre/lib/i386/libzip.so
b6854000-b6855000 rw-p 00007000 08:06 2237860    /usr/lib/jvm/java-6-openjdk/jre/lib/i386/libzip.so
b6855000-b685d000 rw-s 00000000 08:06 1572918    /tmp/hsperfdata_ameya/3360
b685d000-b6883000 r-xp 00000000 08:06 2237855    /usr/lib/jvm/java-6-openjdk/jre/lib/i386/libjava.so
b6883000-b6884000 r--p 00025000 08:06 2237855    /usr/lib/jvm/java-6-openjdk/jre/lib/i386/libjava.so
b6884000-b6886000 rw-p 00026000 08:06 2237855    /usr/lib/jvm/java-6-openjdk/jre/lib/i386/libjava.so
b6886000-b688d000 r-xp 00000000 08:06 3547420    /lib/i386-linux-gnu/librt-2.13.so
b688d000-b688e000 r--p 00006000 08:06 3547420    /lib/i386-linux-gnu/librt-2.13.so
b688e000-b688f000 rw-p 00007000 08:06 3547420    /lib/i386-linux-gnu/librt-2.13.so
b688f000-b6892000 ---p 00000000 00:00 0 
b6892000-b68e0000 rw-p 00000000 00:00 0 
b68e0000-b68fc000 r-xp 00000000 08:06 3539914    /lib/i386-linux-gnu/libgcc_s.so.1
b68fc000-b68fd000 r--p 0001b000 08:06 3539914    /lib/i386-linux-gnu/libgcc_s.so.1
b68fd000-b68fe000 rw-p 0001c000 08:06 3539914    /lib/i386-linux-gnu/libgcc_s.so.1
b68fe000-b6926000 r-xp 00000000 08:06 3547408    /lib/i386-linux-gnu/libm-2.13.so
b6926000-b6927000 r--p 00028000 08:06 3547408    /lib/i386-linux-gnu/libm-2.13.so
b6927000-b6928000 rw-p 00029000 08:06 3547408    /lib/i386-linux-gnu/libm-2.13.so
b6928000-b6a06000 r-xp 00000000 08:06 2228577    /usr/lib/i386-linux-gnu/libstdc++.so.6.0.16
b6a06000-b6a07000 ---p 000de000 08:06 2228577    /usr/lib/i386-linux-gnu/libstdc++.so.6.0.16
b6a07000-b6a0b000 r--p 000de000 08:06 2228577    /usr/lib/i386-linux-gnu/libstdc++.so.6.0.16
b6a0b000-b6a0c000 rw-p 000e2000 08:06 2228577    /usr/lib/i386-linux-gnu/libstdc++.so.6.0.16
b6a0c000-b6a13000 rw-p 00000000 00:00 0 
b6a13000-b7231000 r-xp 00000000 08:06 2237870    /usr/lib/jvm/java-6-openjdk/jre/lib/i386/server/libjvm.so
b7231000-b7276000 r--p 0081e000 08:06 2237870    /usr/lib/jvm/java-6-openjdk/jre/lib/i386/server/libjvm.so
b7276000-b7285000 rw-p 00863000 08:06 2237870    /usr/lib/jvm/java-6-openjdk/jre/lib/i386/server/libjvm.so
b7285000-b76a1000 rw-p 00000000 00:00 0 
b76a1000-b76b4000 r-xp 00000000 08:06 3539957    /lib/i386-linux-gnu/libz.so.1.2.3.4
b76b4000-b76b5000 r--p 00012000 08:06 3539957    /lib/i386-linux-gnu/libz.so.1.2.3.4
b76b5000-b76b6000 rw-p 00013000 08:06 3539957    /lib/i386-linux-gnu/libz.so.1.2.3.4
b76b6000-b782c000 r-xp 00000000 08:06 3547404    /lib/i386-linux-gnu/libc-2.13.so
b782c000-b782e000 r--p 00176000 08:06 3547404    /lib/i386-linux-gnu/libc-2.13.so
b782e000-b782f000 rw-p 00178000 08:06 3547404    /lib/i386-linux-gnu/libc-2.13.so
b782f000-b7832000 rw-p 00000000 00:00 0 
b7832000-b7835000 r-xp 00000000 08:06 3547407    /lib/i386-linux-gnu/libdl-2.13.so
b7835000-b7836000 r--p 00002000 08:06 3547407    /lib/i386-linux-gnu/libdl-2.13.so
b7836000-b7837000 rw-p 00003000 08:06 3547407    /lib/i386-linux-gnu/libdl-2.13.so
b7837000-b783b000 r-xp 00000000 08:06 2237863    /usr/lib/jvm/java-6-openjdk/jre/lib/i386/jli/libjli.so
b783b000-b783c000 r--p 00003000 08:06 2237863    /usr/lib/jvm/java-6-openjdk/jre/lib/i386/jli/libjli.so
b783c000-b783d000 rw-p 00004000 08:06 2237863    /usr/lib/jvm/java-6-openjdk/jre/lib/i386/jli/libjli.so
b783d000-b783e000 rw-p 00000000 00:00 0 
b783e000-b7855000 r-xp 00000000 08:06 3547418    /lib/i386-linux-gnu/libpthread-2.13.so
b7855000-b7856000 r--p 00016000 08:06 3547418    /lib/i386-linux-gnu/libpthread-2.13.so
b7856000-b7857000 rw-p 00017000 08:06 3547418    /lib/i386-linux-gnu/libpthread-2.13.so
b7857000-b7859000 rw-p 00000000 00:00 0 
b7859000-b7863000 r-xp 00000000 08:06 3547415    /lib/i386-linux-gnu/libnss_nis-2.13.so
b7863000-b7864000 r--p 00009000 08:06 3547415    /lib/i386-linux-gnu/libnss_nis-2.13.so
b7864000-b7865000 rw-p 0000a000 08:06 3547415    /lib/i386-linux-gnu/libnss_nis-2.13.so
b7865000-b7866000 rw-p 00000000 00:00 0 
b7866000-b7867000 r--p 00000000 00:00 0 
b7867000-b7872000 r-xp 00000000 08:06 2237878    /usr/lib/jvm/java-6-openjdk/jre/lib/i386/libverify.so
b7872000-b7873000 ---p 0000b000 08:06 2237878    /usr/lib/jvm/java-6-openjdk/jre/lib/i386/libverify.so
b7873000-b7874000 r--p 0000b000 08:06 2237878    /usr/lib/jvm/java-6-openjdk/jre/lib/i386/libverify.so
b7874000-b7875000 rw-p 0000c000 08:06 2237878    /usr/lib/jvm/java-6-openjdk/jre/lib/i386/libverify.so
b7875000-b7877000 rw-p 00000000 00:00 0 
b7877000-b7878000 r-xp 00000000 00:00 0          [vdso]
b7878000-b7896000 r-xp 00000000 08:06 3538948    /lib/i386-linux-gnu/ld-2.13.so
b7896000-b7897000 r--p 0001d000 08:06 3538948    /lib/i386-linux-gnu/ld-2.13.so
b7897000-b7898000 rw-p 0001e000 08:06 3538948    /lib/i386-linux-gnu/ld-2.13.so
bff2e000-bff4f000 rw-p 00000000 00:00 0          [stack]

VM Arguments:
jvm_args: -Dfile.encoding=UTF-8 -Xbootclasspath/p:/home/ameya/Documents/android-sdk-linux_x86/platforms/android-8/android.jar 
java_command: com.kml.KMLParser
Launcher Type: SUN_STANDARD

Environment Variables:
PATH=/usr/lib/lightdm/lightdm:/usr/local/sbin:/usr/local/bin:/usr/sbin:/usr/bin:/sbin:/bin:/usr/games
USERNAME=ameya
LD_LIBRARY_PATH=/usr/lib/jvm/java-6-openjdk/jre/lib/i386/server:/usr/lib/jvm/java-6-openjdk/jre/lib/i386:/usr/lib/jvm/java-6-openjdk/jre/../lib/i386:/usr/lib/jvm/java-6-openjdk/jre/lib/i386/client:/usr/lib/jvm/java-6-openjdk/jre/lib/i386:
SHELL=/bin/bash
DISPLAY=:0.0

Signal Handlers:
SIGSEGV: [libjvm.so+0x66a530], sa_mask[0]=0x7ffbfeff, sa_flags=0x10000004
SIGBUS: [libjvm.so+0x66a530], sa_mask[0]=0x7ffbfeff, sa_flags=0x10000004
SIGFPE: [libjvm.so+0x52e2c0], sa_mask[0]=0x7ffbfeff, sa_flags=0x10000004
SIGPIPE: [libjvm.so+0x52e2c0], sa_mask[0]=0x7ffbfeff, sa_flags=0x10000004
SIGXFSZ: [libjvm.so+0x52e2c0], sa_mask[0]=0x7ffbfeff, sa_flags=0x10000004
SIGILL: [libjvm.so+0x52e2c0], sa_mask[0]=0x7ffbfeff, sa_flags=0x10000004
SIGUSR1: SIG_DFL, sa_mask[0]=0x00000000, sa_flags=0x00000000
SIGUSR2: [libjvm.so+0x52e150], sa_mask[0]=0x00000004, sa_flags=0x10000004
SIGHUP: SIG_DFL, sa_mask[0]=0x00000000, sa_flags=0x00000000
SIGINT: SIG_DFL, sa_mask[0]=0x00000000, sa_flags=0x00000000
SIGTERM: SIG_DFL, sa_mask[0]=0x00000000, sa_flags=0x00000000
SIGQUIT: SIG_DFL, sa_mask[0]=0x00000000, sa_flags=0x00000000


---------------  S Y S T E M  ---------------

OS:Ubuntu 11.10 (oneiric)
uname:Linux 3.0.0-14-generic-pae #23-Ubuntu SMP Mon Nov 21 22:07:10 UTC 2011 i686
libc:glibc 2.13 NPTL 2.13 
rlimit: STACK 8192k, CORE 0k, NPROC 31011, NOFILE 4096, AS infinity
load average:0.27 0.10 0.09

/proc/meminfo:
MemTotal:        3983524 kB
MemFree:         2176764 kB
Buffers:           99140 kB
Cached:           865500 kB
SwapCached:            0 kB
Active:          1023580 kB
Inactive:         688040 kB
Active(anon):     747776 kB
Inactive(anon):     1304 kB
Active(file):     275804 kB
Inactive(file):   686736 kB
Unevictable:          20 kB
Mlocked:              20 kB
HighTotal:       3140700 kB
HighFree:        1507992 kB
LowTotal:         842824 kB
LowFree:          668772 kB
SwapTotal:       4052988 kB
SwapFree:        4052988 kB
Dirty:             10900 kB
Writeback:             0 kB
AnonPages:        747212 kB
Mapped:           109660 kB
Shmem:              2096 kB
Slab:              43484 kB
SReclaimable:      29292 kB
SUnreclaim:        14192 kB
KernelStack:        2968 kB
PageTables:         7216 kB
NFS_Unstable:          0 kB
Bounce:                0 kB
WritebackTmp:          0 kB
CommitLimit:     6044748 kB
Committed_AS:    2580300 kB
VmallocTotal:     122880 kB
VmallocUsed:       30496 kB
VmallocChunk:      88440 kB
HardwareCorrupted:     0 kB
AnonHugePages:         0 kB
HugePages_Total:       0
HugePages_Free:        0
HugePages_Rsvd:        0
HugePages_Surp:        0
Hugepagesize:       2048 kB
DirectMap4k:       10232 kB
DirectMap2M:      903168 kB


CPU:total 4 (2 cores per cpu, 2 threads per core) family 6 model 37 stepping 5, cmov, cx8, fxsr, mmx, sse, sse2, sse3, ssse3, sse4.1, sse4.2, popcnt, ht

Memory: 4k page, physical 3983524k(2176764k free), swap 4052988k(4052988k free)

vm_info: OpenJDK Server VM (20.0-b11) for linux-x86 JRE (1.6.0_23-b23), built on Oct 22 2011 01:02:34 by "buildd" with gcc 4.6.1

time: Wed Dec 21 21:59:53 2011
elapsed time: 0 seconds

