#
# A fatal error has been detected by the Java Runtime Environment:
#
#  Internal Error (classFileParser.cpp:3494), pid=3290, tid=3062377328
#  Error: ShouldNotReachHere()
#
# JRE version: 6.0_23-b23
# Java VM: OpenJDK Server VM (20.0-b11 mixed mode linux-x86 )
# Derivative: IcedTea6 1.11pre
# Distribution: Ubuntu 11.10, package 6b23~pre11-0ubuntu1.11.10
# If you would like to submit a bug report, please include
# instructions how to reproduce the bug and visit:
#   https://bugs.launchpad.net/ubuntu/+source/openjdk-6/
#

---------------  T H R E A D  ---------------

Current thread (0x09023000):  JavaThread "Unknown thread" [_thread_in_vm, id=3291, stack(0xb6832000,0xb6883000)]

Stack: [0xb6832000,0xb6883000]
[error occurred during error reporting (printing stack bounds), id 0xb]


[error occurred during error reporting (printing native stack), id 0xb]


---------------  P R O C E S S  ---------------

Java Threads: ( => current thread )

Other Threads:

=>0x09023000 (exited) JavaThread "Unknown thread" [_thread_in_vm, id=3291, stack(0xb6832000,0xb6883000)]

VM state:not at safepoint (not fully initialized)

VM Mutex/Monitor currently owned by a thread: None

Dynamic libraries:
08048000-08051000 r-xp 00000000 08:06 2232878    /usr/lib/jvm/java-6-openjdk/jre/bin/java
08051000-08052000 r--p 00008000 08:06 2232878    /usr/lib/jvm/java-6-openjdk/jre/bin/java
08052000-08053000 rw-p 00009000 08:06 2232878    /usr/lib/jvm/java-6-openjdk/jre/bin/java
0901c000-0903d000 rw-p 00000000 00:00 0          [heap]
6e19b000-6e200000 r--s 004cb000 08:06 5509614    /home/ameya/Documents/android-sdk-linux_x86/platforms/android-8/android.jar
6e200000-6e244000 rw-p 00000000 00:00 0 
6e244000-6e300000 ---p 00000000 00:00 0 
6e33f000-6e340000 ---p 00000000 00:00 0 
6e340000-6e3c0000 rw-p 00000000 00:00 0 
6e3c0000-6e3c1000 ---p 00000000 00:00 0 
6e3c1000-6e441000 rw-p 00000000 00:00 0 
6e441000-6e442000 ---p 00000000 00:00 0 
6e442000-6e4c2000 rw-p 00000000 00:00 0 
6e4c2000-6e4c3000 ---p 00000000 00:00 0 
6e4c3000-6e54b000 rw-p 00000000 00:00 0 
6e54b000-6e583000 rw-p 00000000 00:00 0 
6e583000-6e598000 rw-p 00000000 00:00 0 
6e598000-6e6c8000 rw-p 00000000 00:00 0 
6e6c8000-6e6d0000 rw-p 00000000 00:00 0 
6e6d0000-6e708000 rw-p 00000000 00:00 0 
6e708000-6e71d000 rw-p 00000000 00:00 0 
6e71d000-6e84c000 rw-p 00000000 00:00 0 
6e84c000-6e857000 rw-p 00000000 00:00 0 
6e857000-6e8ef000 rw-p 00000000 00:00 0 
6e8ef000-6f8f0000 rw-p 00000000 00:00 0 
6f8f0000-768f0000 rw-p 00000000 00:00 0 
768f0000-79180000 rw-p 00000000 00:00 0 
79180000-9f250000 rw-p 00000000 00:00 0 
9f250000-a0690000 rw-p 00000000 00:00 0 
a0690000-b36f0000 rw-p 00000000 00:00 0 
b36f4000-b36fd000 rw-p 00000000 00:00 0 
b36fd000-b37b4000 rw-p 00000000 00:00 0 
b37b4000-b39f4000 rwxp 00000000 00:00 0 
b39f4000-b67b4000 rw-p 00000000 00:00 0 
b67b4000-b67bf000 r-xp 00000000 08:06 3547413    /lib/i386-linux-gnu/libnss_files-2.13.so
b67bf000-b67c0000 r--p 0000a000 08:06 3547413    /lib/i386-linux-gnu/libnss_files-2.13.so
b67c0000-b67c1000 rw-p 0000b000 08:06 3547413    /lib/i386-linux-gnu/libnss_files-2.13.so
b67c1000-b67d6000 r-xp 00000000 08:06 3547410    /lib/i386-linux-gnu/libnsl-2.13.so
b67d6000-b67d7000 r--p 00015000 08:06 3547410    /lib/i386-linux-gnu/libnsl-2.13.so
b67d7000-b67d8000 rw-p 00016000 08:06 3547410    /lib/i386-linux-gnu/libnsl-2.13.so
b67d8000-b67da000 rw-p 00000000 00:00 0 
b67da000-b67e2000 r-xp 00000000 08:06 3547411    /lib/i386-linux-gnu/libnss_compat-2.13.so
b67e2000-b67e3000 r--p 00007000 08:06 3547411    /lib/i386-linux-gnu/libnss_compat-2.13.so
b67e3000-b67e4000 rw-p 00008000 08:06 3547411    /lib/i386-linux-gnu/libnss_compat-2.13.so
b67ef000-b67f6000 r-xp 00000000 08:06 2237860    /usr/lib/jvm/java-6-openjdk/jre/lib/i386/libzip.so
b67f6000-b67f7000 r--p 00006000 08:06 2237860    /usr/lib/jvm/java-6-openjdk/jre/lib/i386/libzip.so
b67f7000-b67f8000 rw-p 00007000 08:06 2237860    /usr/lib/jvm/java-6-openjdk/jre/lib/i386/libzip.so
b67f8000-b6800000 rw-s 00000000 08:06 1572921    /tmp/hsperfdata_ameya/3290
b6800000-b6826000 r-xp 00000000 08:06 2237855    /usr/lib/jvm/java-6-openjdk/jre/lib/i386/libjava.so
b6826000-b6827000 r--p 00025000 08:06 2237855    /usr/lib/jvm/java-6-openjdk/jre/lib/i386/libjava.so
b6827000-b6829000 rw-p 00026000 08:06 2237855    /usr/lib/jvm/java-6-openjdk/jre/lib/i386/libjava.so
b6829000-b6830000 r-xp 00000000 08:06 3547420    /lib/i386-linux-gnu/librt-2.13.so
b6830000-b6831000 r--p 00006000 08:06 3547420    /lib/i386-linux-gnu/librt-2.13.so
b6831000-b6832000 rw-p 00007000 08:06 3547420    /lib/i386-linux-gnu/librt-2.13.so
b6832000-b6835000 ---p 00000000 00:00 0 
b6835000-b6883000 rw-p 00000000 00:00 0 
b6883000-b689f000 r-xp 00000000 08:06 3539914    /lib/i386-linux-gnu/libgcc_s.so.1
b689f000-b68a0000 r--p 0001b000 08:06 3539914    /lib/i386-linux-gnu/libgcc_s.so.1
b68a0000-b68a1000 rw-p 0001c000 08:06 3539914    /lib/i386-linux-gnu/libgcc_s.so.1
b68a1000-b68c9000 r-xp 00000000 08:06 3547408    /lib/i386-linux-gnu/libm-2.13.so
b68c9000-b68ca000 r--p 00028000 08:06 3547408    /lib/i386-linux-gnu/libm-2.13.so
b68ca000-b68cb000 rw-p 00029000 08:06 3547408    /lib/i386-linux-gnu/libm-2.13.so
b68cb000-b69a9000 r-xp 00000000 08:06 2228577    /usr/lib/i386-linux-gnu/libstdc++.so.6.0.16
b69a9000-b69aa000 ---p 000de000 08:06 2228577    /usr/lib/i386-linux-gnu/libstdc++.so.6.0.16
b69aa000-b69ae000 r--p 000de000 08:06 2228577    /usr/lib/i386-linux-gnu/libstdc++.so.6.0.16
b69ae000-b69af000 rw-p 000e2000 08:06 2228577    /usr/lib/i386-linux-gnu/libstdc++.so.6.0.16
b69af000-b69b6000 rw-p 00000000 00:00 0 
b69b6000-b71d4000 r-xp 00000000 08:06 2237870    /usr/lib/jvm/java-6-openjdk/jre/lib/i386/server/libjvm.so
b71d4000-b7219000 r--p 0081e000 08:06 2237870    /usr/lib/jvm/java-6-openjdk/jre/lib/i386/server/libjvm.so
b7219000-b7228000 rw-p 00863000 08:06 2237870    /usr/lib/jvm/java-6-openjdk/jre/lib/i386/server/libjvm.so
b7228000-b7644000 rw-p 00000000 00:00 0 
b7644000-b7657000 r-xp 00000000 08:06 3539957    /lib/i386-linux-gnu/libz.so.1.2.3.4
b7657000-b7658000 r--p 00012000 08:06 3539957    /lib/i386-linux-gnu/libz.so.1.2.3.4
b7658000-b7659000 rw-p 00013000 08:06 3539957    /lib/i386-linux-gnu/libz.so.1.2.3.4
b7659000-b77cf000 r-xp 00000000 08:06 3547404    /lib/i386-linux-gnu/libc-2.13.so
b77cf000-b77d1000 r--p 00176000 08:06 3547404    /lib/i386-linux-gnu/libc-2.13.so
b77d1000-b77d2000 rw-p 00178000 08:06 3547404    /lib/i386-linux-gnu/libc-2.13.so
b77d2000-b77d5000 rw-p 00000000 00:00 0 
b77d5000-b77d8000 r-xp 00000000 08:06 3547407    /lib/i386-linux-gnu/libdl-2.13.so
b77d8000-b77d9000 r--p 00002000 08:06 3547407    /lib/i386-linux-gnu/libdl-2.13.so
b77d9000-b77da000 rw-p 00003000 08:06 3547407    /lib/i386-linux-gnu/libdl-2.13.so
b77da000-b77de000 r-xp 00000000 08:06 2237863    /usr/lib/jvm/java-6-openjdk/jre/lib/i386/jli/libjli.so
b77de000-b77df000 r--p 00003000 08:06 2237863    /usr/lib/jvm/java-6-openjdk/jre/lib/i386/jli/libjli.so
b77df000-b77e0000 rw-p 00004000 08:06 2237863    /usr/lib/jvm/java-6-openjdk/jre/lib/i386/jli/libjli.so
b77e0000-b77e1000 rw-p 00000000 00:00 0 
b77e1000-b77f8000 r-xp 00000000 08:06 3547418    /lib/i386-linux-gnu/libpthread-2.13.so
b77f8000-b77f9000 r--p 00016000 08:06 3547418    /lib/i386-linux-gnu/libpthread-2.13.so
b77f9000-b77fa000 rw-p 00017000 08:06 3547418    /lib/i386-linux-gnu/libpthread-2.13.so
b77fa000-b77fc000 rw-p 00000000 00:00 0 
b77fc000-b7806000 r-xp 00000000 08:06 3547415    /lib/i386-linux-gnu/libnss_nis-2.13.so
b7806000-b7807000 r--p 00009000 08:06 3547415    /lib/i386-linux-gnu/libnss_nis-2.13.so
b7807000-b7808000 rw-p 0000a000 08:06 3547415    /lib/i386-linux-gnu/libnss_nis-2.13.so
b7808000-b7809000 rw-p 00000000 00:00 0 
b7809000-b780a000 r--p 00000000 00:00 0 
b780a000-b7815000 r-xp 00000000 08:06 2237878    /usr/lib/jvm/java-6-openjdk/jre/lib/i386/libverify.so
b7815000-b7816000 ---p 0000b000 08:06 2237878    /usr/lib/jvm/java-6-openjdk/jre/lib/i386/libverify.so
b7816000-b7817000 r--p 0000b000 08:06 2237878    /usr/lib/jvm/java-6-openjdk/jre/lib/i386/libverify.so
b7817000-b7818000 rw-p 0000c000 08:06 2237878    /usr/lib/jvm/java-6-openjdk/jre/lib/i386/libverify.so
b7818000-b781a000 rw-p 00000000 00:00 0 
b781a000-b781b000 r-xp 00000000 00:00 0          [vdso]
b781b000-b7839000 r-xp 00000000 08:06 3538948    /lib/i386-linux-gnu/ld-2.13.so
b7839000-b783a000 r--p 0001d000 08:06 3538948    /lib/i386-linux-gnu/ld-2.13.so
b783a000-b783b000 rw-p 0001e000 08:06 3538948    /lib/i386-linux-gnu/ld-2.13.so
bfb63000-bfb84000 rw-p 00000000 00:00 0          [stack]

VM Arguments:
jvm_args: -Dfile.encoding=UTF-8 -Xbootclasspath:/home/ameya/Documents/android-sdk-linux_x86/platforms/android-8/android.jar 
java_command: com.kml.KMLParser
Launcher Type: SUN_STANDARD

Environment Variables:
PATH=/usr/lib/lightdm/lightdm:/usr/local/sbin:/usr/local/bin:/usr/sbin:/usr/bin:/sbin:/bin:/usr/games
USERNAME=ameya
LD_LIBRARY_PATH=/usr/lib/jvm/java-6-openjdk/jre/lib/i386/server:/usr/lib/jvm/java-6-openjdk/jre/lib/i386:/usr/lib/jvm/java-6-openjdk/jre/../lib/i386:/usr/lib/jvm/java-6-openjdk/jre/lib/i386/client:/usr/lib/jvm/java-6-openjdk/jre/lib/i386:
SHELL=/bin/bash
DISPLAY=:0.0

Signal Handlers:
SIGSEGV: [libjvm.so+0x66a530], sa_mask[0]=0x7ffbfeff, sa_flags=0x10000004
SIGBUS: [libjvm.so+0x66a530], sa_mask[0]=0x7ffbfeff, sa_flags=0x10000004
SIGFPE: [libjvm.so+0x52e2c0], sa_mask[0]=0x7ffbfeff, sa_flags=0x10000004
SIGPIPE: [libjvm.so+0x52e2c0], sa_mask[0]=0x7ffbfeff, sa_flags=0x10000004
SIGXFSZ: [libjvm.so+0x52e2c0], sa_mask[0]=0x7ffbfeff, sa_flags=0x10000004
SIGILL: [libjvm.so+0x52e2c0], sa_mask[0]=0x7ffbfeff, sa_flags=0x10000004
SIGUSR1: SIG_DFL, sa_mask[0]=0x00000000, sa_flags=0x00000000
SIGUSR2: [libjvm.so+0x52e150], sa_mask[0]=0x00000004, sa_flags=0x10000004
SIGHUP: SIG_DFL, sa_mask[0]=0x00000000, sa_flags=0x00000000
SIGINT: SIG_DFL, sa_mask[0]=0x00000000, sa_flags=0x00000000
SIGTERM: SIG_DFL, sa_mask[0]=0x00000000, sa_flags=0x00000000
SIGQUIT: SIG_DFL, sa_mask[0]=0x00000000, sa_flags=0x00000000


---------------  S Y S T E M  ---------------

OS:Ubuntu 11.10 (oneiric)
uname:Linux 3.0.0-14-generic-pae #23-Ubuntu SMP Mon Nov 21 22:07:10 UTC 2011 i686
libc:glibc 2.13 NPTL 2.13 
rlimit: STACK 8192k, CORE 0k, NPROC 31011, NOFILE 4096, AS infinity
load average:0.08 0.08 0.12

/proc/meminfo:
MemTotal:        3983524 kB
MemFree:         1963456 kB
Buffers:          454484 kB
Cached:           736784 kB
SwapCached:            0 kB
Active:          1012956 kB
Inactive:         901468 kB
Active(anon):     724380 kB
Inactive(anon):     2092 kB
Active(file):     288576 kB
Inactive(file):   899376 kB
Unevictable:          20 kB
Mlocked:              20 kB
HighTotal:       3140700 kB
HighFree:        1657040 kB
LowTotal:         842824 kB
LowFree:          306416 kB
SwapTotal:       4052988 kB
SwapFree:        4052988 kB
Dirty:               184 kB
Writeback:             0 kB
AnonPages:        723528 kB
Mapped:           148568 kB
Shmem:              3180 kB
Slab:              49832 kB
SReclaimable:      34868 kB
SUnreclaim:        14964 kB
KernelStack:        3456 kB
PageTables:         9436 kB
NFS_Unstable:          0 kB
Bounce:                0 kB
WritebackTmp:          0 kB
CommitLimit:     6044748 kB
Committed_AS:    3534640 kB
VmallocTotal:     122880 kB
VmallocUsed:       30496 kB
VmallocChunk:      88440 kB
HardwareCorrupted:     0 kB
AnonHugePages:         0 kB
HugePages_Total:       0
HugePages_Free:        0
HugePages_Rsvd:        0
HugePages_Surp:        0
Hugepagesize:       2048 kB
DirectMap4k:       10232 kB
DirectMap2M:      903168 kB


CPU:total 4 (2 cores per cpu, 2 threads per core) family 6 model 37 stepping 5, cmov, cx8, fxsr, mmx, sse, sse2, sse3, ssse3, sse4.1, sse4.2, popcnt, ht

Memory: 4k page, physical 3983524k(1963456k free), swap 4052988k(4052988k free)

vm_info: OpenJDK Server VM (20.0-b11) for linux-x86 JRE (1.6.0_23-b23), built on Oct 22 2011 01:02:34 by "buildd" with gcc 4.6.1

time: Wed Dec 21 23:34:34 2011
elapsed time: 0 seconds

